TN:
SF:src/App.tsx
FN:41,App
FN:52,handleFetchPeople
FN:95,componentDidMount
FN:101,componentDidUpdate
FN:108,render
FN:112,setInputValue
FN:115,onBtnClick
FNF:7
FNH:7
FNDA:45,App
FNDA:49,handleFetchPeople
FNDA:43,componentDidMount
FNDA:112,componentDidUpdate
FNDA:155,render
FNDA:70,setInputValue
FNDA:4,onBtnClick
DA:1,1
DA:2,1
DA:3,1
DA:5,1
DA:6,1
DA:7,1
DA:29,1
DA:30,1
DA:31,1
DA:32,1
DA:33,1
DA:34,1
DA:35,1
DA:36,1
DA:38,1
DA:40,1
DA:41,1
DA:42,45
DA:43,45
DA:44,45
DA:45,45
DA:46,45
DA:47,45
DA:48,45
DA:49,45
DA:50,45
DA:52,1
DA:53,49
DA:54,49
DA:55,49
DA:56,49
DA:57,49
DA:58,49
DA:59,49
DA:60,49
DA:61,49
DA:62,49
DA:63,34
DA:64,34
DA:65,34
DA:66,34
DA:67,34
DA:68,34
DA:69,34
DA:70,34
DA:71,28
DA:72,28
DA:73,28
DA:74,34
DA:75,34
DA:76,34
DA:77,40
DA:78,6
DA:80,6
DA:81,6
DA:82,0
DA:83,6
DA:85,6
DA:86,6
DA:87,6
DA:88,6
DA:89,6
DA:90,6
DA:91,6
DA:92,6
DA:93,49
DA:95,1
DA:96,43
DA:97,43
DA:98,43
DA:99,43
DA:101,1
DA:102,112
DA:103,6
DA:104,6
DA:105,6
DA:106,112
DA:108,1
DA:109,155
DA:110,155
DA:111,155
DA:112,155
DA:113,70
DA:114,70
DA:115,155
DA:116,4
DA:117,4
DA:118,1
DA:119,4
DA:120,3
DA:121,3
DA:122,4
DA:123,155
DA:124,155
DA:125,155
DA:126,155
DA:127,155
DA:128,155
DA:129,155
DA:130,155
DA:131,155
DA:133,155
DA:134,1
LF:103
LH:102
BRDA:41,0,0,45
BRDA:52,1,0,49
BRDA:61,2,0,6
BRDA:61,3,0,43
BRDA:62,4,0,40
BRDA:62,5,0,34
BRDA:77,6,0,6
BRDA:81,7,0,0
BRDA:70,8,0,28
BRDA:95,9,0,43
BRDA:101,10,0,112
BRDA:102,11,0,6
BRDA:108,12,0,155
BRDA:112,13,0,70
BRDA:115,14,0,4
BRDA:117,15,0,1
BRDA:119,16,0,3
BRF:17
BRH:16
end_of_record
TN:
SF:src/main.tsx
FN:1,(empty-report)
FNF:1
FNH:0
FNDA:0,(empty-report)
DA:1,0
DA:2,0
DA:3,0
DA:4,0
DA:5,0
DA:6,0
DA:7,0
DA:8,0
DA:9,0
DA:10,0
DA:11,0
DA:12,0
DA:13,0
LF:13
LH:0
BRDA:1,0,0,0
BRF:1
BRH:0
end_of_record
TN:
SF:src/components/ErrorBoundary.tsx
FN:12,<instance_members_initializer>
FN:16,getDerivedStateFromError
FN:20,componentDidCatch
FN:24,render
FNF:4
FNH:4
FNDA:7,<instance_members_initializer>
FNDA:8,getDerivedStateFromError
FNDA:4,componentDidCatch
FNDA:15,render
DA:1,1
DA:11,1
DA:12,1
DA:13,7
DA:14,7
DA:16,1
DA:17,8
DA:18,8
DA:20,1
DA:21,4
DA:22,4
DA:24,1
DA:25,15
DA:26,8
DA:27,8
DA:28,8
DA:29,8
DA:30,8
DA:32,8
DA:34,7
DA:35,15
DA:36,1
DA:38,1
LF:23
LH:23
BRDA:12,0,0,7
BRDA:16,1,0,8
BRDA:20,2,0,4
BRDA:24,3,0,15
BRDA:25,4,0,8
BRDA:32,5,0,7
BRF:6
BRH:6
end_of_record
TN:
SF:src/components/ErrorButton.tsx
FN:8,render
FNF:1
FNH:1
FNDA:155,render
DA:1,1
DA:7,1
DA:8,1
DA:9,155
DA:10,155
DA:11,1
LF:6
LH:6
BRDA:8,0,0,155
BRF:1
BRH:1
end_of_record
TN:
SF:src/components/Input.tsx
FN:12,componentDidMount
FN:20,render
FN:30,onChange
FNF:3
FNH:3
FNDA:55,componentDidMount
FNDA:167,render
FNDA:31,onChange
DA:1,1
DA:2,1
DA:3,1
DA:5,1
DA:11,1
DA:12,1
DA:13,55
DA:14,55
DA:15,55
DA:16,55
DA:17,55
DA:18,55
DA:20,1
DA:21,167
DA:22,167
DA:23,167
DA:24,167
DA:26,167
DA:27,167
DA:28,167
DA:29,167
DA:30,167
DA:31,167
DA:32,167
DA:34,167
DA:35,1
DA:37,1
LF:27
LH:27
BRDA:12,0,0,55
BRDA:20,1,0,167
BRDA:30,2,0,31
BRF:3
BRH:3
end_of_record
TN:
SF:src/components/Main.tsx
FN:12,render
FNF:1
FNH:1
FNDA:155,render
DA:1,1
DA:11,1
DA:12,1
DA:13,155
DA:14,155
DA:15,155
DA:16,155
DA:17,155
DA:18,79
DA:20,155
DA:21,5
DA:22,155
DA:23,71
DA:24,71
DA:25,19
DA:26,25
DA:27,25
DA:28,25
DA:29,25
DA:31,25
DA:32,25
DA:33,25
DA:34,25
DA:35,25
DA:36,25
DA:37,25
DA:38,19
DA:39,52
DA:40,71
DA:42,155
DA:43,155
DA:45,155
DA:46,1
LF:33
LH:33
BRDA:12,0,0,155
BRDA:17,1,0,79
BRDA:20,2,0,5
BRDA:22,3,0,71
BRDA:24,4,0,19
BRDA:38,5,0,52
BRDA:25,6,0,25
BRDA:32,7,0,3
BRDA:35,8,0,3
BRDA:36,9,0,3
BRF:10
BRH:10
end_of_record
TN:
SF:src/components/Navbar.tsx
FN:16,Navbar
FN:23,render
FN:30,onSubmit
FN:32,onBtnClick
FN:33,makeError
FNF:5
FNH:4
FNDA:43,Navbar
FNDA:155,render
FNDA:4,onSubmit
FNDA:4,onBtnClick
FNDA:0,makeError
DA:1,1
DA:2,1
DA:3,1
DA:4,1
DA:15,1
DA:16,1
DA:17,43
DA:18,43
DA:19,43
DA:20,43
DA:21,43
DA:23,1
DA:24,155
DA:25,0
DA:26,0
DA:28,155
DA:29,155
DA:30,155
DA:31,155
DA:32,155
DA:33,155
DA:34,155
DA:35,155
DA:37,155
DA:38,1
LF:25
LH:23
BRDA:16,0,0,43
BRDA:23,1,0,155
BRDA:24,2,0,0
BRDA:30,3,0,4
BRDA:32,4,0,4
BRF:5
BRH:4
end_of_record
TN:
SF:src/components/SearchButton.tsx
FN:8,<instance_members_initializer>
FN:8,handleClick
FN:12,render
FNF:3
FNH:3
FNDA:52,<instance_members_initializer>
FNDA:4,handleClick
FNDA:164,render
DA:1,1
DA:7,1
DA:8,1
DA:9,4
DA:10,4
DA:12,1
DA:13,164
DA:14,164
DA:16,164
DA:18,164
DA:19,1
DA:21,1
LF:12
LH:12
BRDA:8,0,0,52
BRDA:8,1,0,4
BRDA:12,2,0,164
BRF:3
BRH:3
end_of_record
TN:
SF:src/types/IPerson.ts
FN:1,(empty-report)
FNF:1
FNH:0
FNDA:0,(empty-report)
DA:1,0
DA:2,0
DA:3,0
DA:4,0
DA:5,0
LF:5
LH:0
BRDA:1,0,0,0
BRF:1
BRH:0
end_of_record
TN:
SF:src/utils/fetchApi.ts
FN:1,fetchApi
FNF:1
FNH:1
FNDA:49,fetchApi
DA:1,1
DA:2,49
DA:3,34
DA:4,34
DA:5,34
DA:7,1
LF:6
LH:6
BRDA:1,0,0,49
BRDA:2,1,0,34
BRF:2
BRH:2
end_of_record
TN:
SF:src/utils/handleLocalStorage.ts
FN:1,handleLocalStorage
FNF:1
FNH:1
FNDA:265,handleLocalStorage
DA:1,1
DA:2,265
DA:3,41
DA:4,265
DA:5,224
DA:6,224
DA:7,224
DA:8,265
DA:10,1
LF:9
LH:9
BRDA:1,0,0,265
BRDA:2,1,0,41
BRDA:4,2,0,224
BRF:3
BRH:3
end_of_record
TN:
SF:src/utils/localStorageKeys.ts
FNF:0
FNH:0
DA:1,1
DA:2,1
DA:3,1
LF:3
LH:3
BRF:0
BRH:0
end_of_record
